0 silly argv { _: [ 'version' ],
0 silly argv   lernaVersion: '4.0.0',
0 silly argv   '$0': 'node_modules/.bin/lerna' }
1 notice cli v4.0.0
2 verbose rootPath /Users/fandeqing/Desktop/fdqProject/materials
3 info versioning independent
4 silly isAnythingCommitted
5 verbose isAnythingCommitted 1
6 silly getCurrentBranch
7 verbose currentBranch main
8 silly remoteBranchExists
9 silly isBehindUpstream
10 silly isBehindUpstream main is behind origin/main by 0 commit(s) and ahead by 0
11 silly hasTags
12 verbose hasTags true
13 silly git-describe.sync "@fdqfe/two@0.0.6-1-g0dfb3e0" => {"lastTagName":"@fdqfe/two@0.0.6","lastVersion":"0.0.6","refCount":"1","sha":"0dfb3e0","isDirty":false}
14 info Looking for changed packages since @fdqfe/two@0.0.6
15 info ignoring diff in paths matching [ '**/__fixtures__/**', '**/__tests__/**', '**/*.md' ]
16 silly checking diff packages/one
17 silly no diff found in @fdqfe/one
18 silly checking diff packages/three
19 silly no diff found in @fdqfe/three
20 silly checking diff packages/two
21 silly found diff in packages/two/package.json
22 verbose filtered diff [ 'packages/two/package.json' ]
23 verbose updated @fdqfe/one
24 verbose updated @fdqfe/two
25 verbose git-describe undefined => "@fdqfe/two@0.0.6-1-g0dfb3e0"
26 silly git-describe parsed => {"lastTagName":"@fdqfe/two@0.0.6","lastVersion":"0.0.6","refCount":"1","sha":"0dfb3e0","isDirty":false}
27 info execute Skipping releases
28 silly lifecycle No script for "preversion" in "@fdqfe/fdq-lernatest", continuing
29 silly lifecycle No script for "preversion" in "@fdqfe/two", continuing
30 silly lifecycle No script for "version" in "@fdqfe/two", continuing
31 silly lifecycle No script for "preversion" in "@fdqfe/one", continuing
32 silly lifecycle No script for "version" in "@fdqfe/one", continuing
33 silly lifecycle No script for "version" in "@fdqfe/fdq-lernatest", continuing
34 silly gitAdd [ 'packages/two/package.json',
34 silly gitAdd   'packages/one/package.json',
34 silly gitAdd   'packages/one/package-lock.json' ]
35 silly gitCommit Publish
35 silly gitCommit
35 silly gitCommit  - @fdqfe/one@0.0.7
35 silly gitCommit  - @fdqfe/two@0.0.6
36 verbose git [ 'commit',
36 verbose git   '-F',
36 verbose git   '/private/var/folders/q6/fmxz45ms1p16x2yt58xwqh180000gn/T/a1ec98ee-c7e2-4006-873a-ccb8e3a42c31/lerna-commit.txt' ]
37 error Error: Command failed with exit code 1: git commit -F /private/var/folders/q6/fmxz45ms1p16x2yt58xwqh180000gn/T/a1ec98ee-c7e2-4006-873a-ccb8e3a42c31/lerna-commit.txt
37 error On branch main
37 error Your branch is up to date with 'origin/main'.
37 error
37 error nothing to commit, working tree clean
37 error     at makeError (/Users/fandeqing/Desktop/fdqProject/materials/node_modules/execa/lib/error.js:60:11)
37 error     at handlePromise (/Users/fandeqing/Desktop/fdqProject/materials/node_modules/execa/index.js:118:26)
